<?xml version="1.0" encoding="UTF-8" standalone="no"?>
<!DOCTYPE log SYSTEM "logger.dtd">
<log>
<record>
  <date>2020-05-26T17:56:44</date>
  <millis>1590494204389</millis>
  <sequence>0</sequence>
  <logger>util.LoggerExample</logger>
  <level>CONFIG</level>
  <class>util.HandlerExample</class>
  <method>main</method>
  <thread>1</thread>
  <message>Configuration done.</message>
</record>
<record>
  <date>2020-05-26T17:56:44</date>
  <millis>1590494204434</millis>
  <sequence>1</sequence>
  <logger>util.LoggerExample</logger>
  <level>FINE</level>
  <class>util.HandlerExample</class>
  <method>main</method>
  <thread>1</thread>
  <message>Finer logged</message>
</record>
<record>
  <date>2020-05-26T17:56:44</date>
  <millis>1590494204435</millis>
  <sequence>2</sequence>
  <logger>util.LoggerExample</logger>
  <level>FINER</level>
  <class>util.HandlerExample</class>
  <method>main</method>
  <thread>1</thread>
  <message>Finest example on LOGGER handler completed.</message>
</record>
</log>
